nohup: ignoring input
Watching for file changes with StatReloader
[11/Nov/2025 04:56:39] "HEAD /api/gallery/ HTTP/1.0" 200 0
[11/Nov/2025 04:56:40] "HEAD /api/announcements/ HTTP/1.0" 200 0
Session data corrupted
Session data corrupted
[11/Nov/2025 04:56:52] "GET /api/gallery/ HTTP/1.0" 200 1369
[11/Nov/2025 04:56:52] "GET /api/announcements/?page_size=10 HTTP/1.0" 200 293
Session data corrupted
[11/Nov/2025 04:56:58] "GET /api/gallery/ HTTP/1.0" 200 1369
Session data corrupted
[11/Nov/2025 04:57:01] "GET /api/announcements/ HTTP/1.0" 200 293
Not Found: /api/registrations/
[11/Nov/2025 04:57:33] "POST /api/registrations/ HTTP/1.0" 404 6259
Not Found: /api/registrations/
[11/Nov/2025 05:00:12] "POST /api/registrations/ HTTP/1.0" 404 6259
Not Found: /api/registrations/
[11/Nov/2025 05:00:13] "POST /api/registrations/ HTTP/1.0" 404 6259
Not Found: /api/registrations/
[11/Nov/2025 05:00:13] "POST /api/registrations/ HTTP/1.0" 404 6259
Not Found: /api/registrations/
[11/Nov/2025 05:00:13] "POST /api/registrations/ HTTP/1.0" 404 6259
Not Found: /api/registrations/
[11/Nov/2025 05:00:13] "POST /api/registrations/ HTTP/1.0" 404 6259
Not Found: /api/registrations/
[11/Nov/2025 05:00:13] "POST /api/registrations/ HTTP/1.0" 404 6259
[11/Nov/2025 05:02:01] "HEAD /api/gallery/ HTTP/1.0" 200 0
[11/Nov/2025 05:02:01] "HEAD /api/announcements/ HTTP/1.0" 200 0
Not Found: /api/registrations/
[11/Nov/2025 05:02:13] "POST /api/registrations/ HTTP/1.0" 404 6259
Session data corrupted
Session data corrupted
[11/Nov/2025 05:02:29] "GET /api/announcements/?page_size=10 HTTP/1.0" 200 293
[11/Nov/2025 05:02:29] "GET /api/gallery/ HTTP/1.0" 200 1369
Session data corrupted
[11/Nov/2025 05:02:33] "GET /api/gallery/ HTTP/1.0" 200 1369
Session data corrupted
[11/Nov/2025 05:02:35] "GET /api/announcements/ HTTP/1.0" 200 293
Session data corrupted
[11/Nov/2025 05:06:25] "GET /admin/ HTTP/1.0" 302 0
Session data corrupted
[11/Nov/2025 05:06:26] "GET /admin/login/?next=/admin/ HTTP/1.0" 200 3065
Session data corrupted
[11/Nov/2025 05:06:33] "POST /admin/login/?next=/admin/ HTTP/1.0" 302 0
[11/Nov/2025 05:06:34] "GET /admin/ HTTP/1.0" 200 23595
[11/Nov/2025 05:06:41] "GET /admin/api/announcement/ HTTP/1.0" 200 18849
[11/Nov/2025 05:06:43] "GET /admin/jsi18n/ HTTP/1.0" 200 3342
[11/Nov/2025 05:06:52] "GET /admin/api/galleryimage/ HTTP/1.0" 200 23865
[11/Nov/2025 05:06:52] "GET /admin/jsi18n/ HTTP/1.0" 200 3342
Not Found: /api/registrations/
[11/Nov/2025 05:07:03] "POST /api/registrations/ HTTP/1.0" 404 6259
Not Found: /api/registrations/
[11/Nov/2025 05:07:05] "POST /api/registrations/ HTTP/1.0" 404 6259
[11/Nov/2025 05:07:38] "GET /admin/ HTTP/1.0" 200 23611
[11/Nov/2025 05:07:42] "GET /admin/api/announcement/ HTTP/1.0" 200 18833
[11/Nov/2025 05:07:42] "GET /admin/jsi18n/ HTTP/1.0" 200 3342
[11/Nov/2025 05:07:46] "GET /admin/api/galleryimage/ HTTP/1.0" 200 23881
[11/Nov/2025 05:07:46] "GET /admin/jsi18n/ HTTP/1.0" 200 3342
[11/Nov/2025 05:07:55] "GET /api/announcements/ HTTP/1.0" 200 293
Not Found: /api/registrations/
[11/Nov/2025 05:08:15] "POST /api/registrations/ HTTP/1.0" 404 6259
/srv/qma/server/urls.py changed, reloading.
Performing system checks...

System check identified no issues (0 silenced).
November 11, 2025 - 04:53:22
Django version 5.2.8, using settings 'server.settings'
Starting development server at http://0.0.0.0:8001/
Quit the server with CONTROL-C.

WARNING: This is a development server. Do not use it in a production setting. Use a production WSGI or ASGI server instead.
For more information on production servers see: https://docs.djangoproject.com/en/5.2/howto/deployment/
Watching for file changes with StatReloader
Exception in thread django-main-thread:
Traceback (most recent call last):
  File "/srv/qma/venv/lib/python3.10/site-packages/django/urls/resolvers.py", line 720, in url_patterns
    iter(patterns)
TypeError: 'module' object is not iterable

The above exception was the direct cause of the following exception:

Traceback (most recent call last):
  File "/usr/lib/python3.10/threading.py", line 1016, in _bootstrap_inner
    self.run()
  File "/usr/lib/python3.10/threading.py", line 953, in run
    self._target(*self._args, **self._kwargs)
  File "/srv/qma/venv/lib/python3.10/site-packages/django/utils/autoreload.py", line 64, in wrapper
    fn(*args, **kwargs)
  File "/srv/qma/venv/lib/python3.10/site-packages/django/core/management/commands/runserver.py", line 134, in inner_run
    self.check(**check_kwargs)
  File "/srv/qma/venv/lib/python3.10/site-packages/django/core/management/base.py", line 492, in check
    all_issues = checks.run_checks(
  File "/srv/qma/venv/lib/python3.10/site-packages/django/core/checks/registry.py", line 89, in run_checks
    new_errors = check(app_configs=app_configs, databases=databases)
  File "/srv/qma/venv/lib/python3.10/site-packages/django/core/checks/urls.py", line 44, in check_url_namespaces_unique
    all_namespaces = _load_all_namespaces(resolver)
  File "/srv/qma/venv/lib/python3.10/site-packages/django/core/checks/urls.py", line 63, in _load_all_namespaces
    url_patterns = getattr(resolver, "url_patterns", [])
  File "/srv/qma/venv/lib/python3.10/site-packages/django/utils/functional.py", line 47, in __get__
    res = instance.__dict__[self.name] = self.func(instance)
  File "/srv/qma/venv/lib/python3.10/site-packages/django/urls/resolvers.py", line 728, in url_patterns
    raise ImproperlyConfigured(msg.format(name=self.urlconf_name)) from e
django.core.exceptions.ImproperlyConfigured: The included URLconf 'server.urls' does not appear to have any patterns in it. If you see the 'urlpatterns' variable with valid patterns in the file then the issue is probably caused by a circular import.
/srv/qma/server/urls.py changed, reloading.
Performing system checks...

Watching for file changes with StatReloader
Not Found: /api/registrations/
[11/Nov/2025 05:11:11] "POST /api/registrations/ HTTP/1.0" 404 6416
[11/Nov/2025 05:11:18] "GET /api/announcements/ HTTP/1.0" 200 293
Not Found: /api/registrations/
[11/Nov/2025 05:12:30] "POST /api/registrations/ HTTP/1.0" 404 6416
/srv/qma/server/urls.py changed, reloading.
Performing system checks...

System check identified no issues (0 silenced).
November 11, 2025 - 05:10:54
Django version 5.2.8, using settings 'server.settings'
Starting development server at http://0.0.0.0:8001/
Quit the server with CONTROL-C.

WARNING: This is a development server. Do not use it in a production setting. Use a production WSGI or ASGI server instead.
For more information on production servers see: https://docs.djangoproject.com/en/5.2/howto/deployment/
Watching for file changes with StatReloader
Exception in thread django-main-thread:
Traceback (most recent call last):
  File "/srv/qma/venv/lib/python3.10/site-packages/django/urls/resolvers.py", line 720, in url_patterns
    iter(patterns)
TypeError: 'module' object is not iterable

The above exception was the direct cause of the following exception:

Traceback (most recent call last):
  File "/usr/lib/python3.10/threading.py", line 1016, in _bootstrap_inner
    self.run()
  File "/usr/lib/python3.10/threading.py", line 953, in run
    self._target(*self._args, **self._kwargs)
  File "/srv/qma/venv/lib/python3.10/site-packages/django/utils/autoreload.py", line 64, in wrapper
    fn(*args, **kwargs)
  File "/srv/qma/venv/lib/python3.10/site-packages/django/core/management/commands/runserver.py", line 134, in inner_run
    self.check(**check_kwargs)
  File "/srv/qma/venv/lib/python3.10/site-packages/django/core/management/base.py", line 492, in check
    all_issues = checks.run_checks(
  File "/srv/qma/venv/lib/python3.10/site-packages/django/core/checks/registry.py", line 89, in run_checks
    new_errors = check(app_configs=app_configs, databases=databases)
  File "/srv/qma/venv/lib/python3.10/site-packages/django/core/checks/urls.py", line 44, in check_url_namespaces_unique
    all_namespaces = _load_all_namespaces(resolver)
  File "/srv/qma/venv/lib/python3.10/site-packages/django/core/checks/urls.py", line 63, in _load_all_namespaces
    url_patterns = getattr(resolver, "url_patterns", [])
  File "/srv/qma/venv/lib/python3.10/site-packages/django/utils/functional.py", line 47, in __get__
    res = instance.__dict__[self.name] = self.func(instance)
  File "/srv/qma/venv/lib/python3.10/site-packages/django/urls/resolvers.py", line 728, in url_patterns
    raise ImproperlyConfigured(msg.format(name=self.urlconf_name)) from e
django.core.exceptions.ImproperlyConfigured: The included URLconf 'server.urls' does not appear to have any patterns in it. If you see the 'urlpatterns' variable with valid patterns in the file then the issue is probably caused by a circular import.
/srv/qma/server/urls.py changed, reloading.
Performing system checks...

Watching for file changes with StatReloader
/srv/qma/registrations/urls.py changed, reloading.
Performing system checks...

System check identified no issues (0 silenced).
November 11, 2025 - 05:14:26
Django version 5.2.8, using settings 'server.settings'
Starting development server at http://0.0.0.0:8001/
Quit the server with CONTROL-C.

WARNING: This is a development server. Do not use it in a production setting. Use a production WSGI or ASGI server instead.
For more information on production servers see: https://docs.djangoproject.com/en/5.2/howto/deployment/
Watching for file changes with StatReloader
Exception in thread django-main-thread:
Traceback (most recent call last):
  File "/srv/qma/venv/lib/python3.10/site-packages/django/urls/resolvers.py", line 720, in url_patterns
    iter(patterns)
TypeError: 'module' object is not iterable

The above exception was the direct cause of the following exception:

Traceback (most recent call last):
  File "/usr/lib/python3.10/threading.py", line 1016, in _bootstrap_inner
    self.run()
  File "/usr/lib/python3.10/threading.py", line 953, in run
    self._target(*self._args, **self._kwargs)
  File "/srv/qma/venv/lib/python3.10/site-packages/django/utils/autoreload.py", line 64, in wrapper
    fn(*args, **kwargs)
  File "/srv/qma/venv/lib/python3.10/site-packages/django/core/management/commands/runserver.py", line 134, in inner_run
    self.check(**check_kwargs)
  File "/srv/qma/venv/lib/python3.10/site-packages/django/core/management/base.py", line 492, in check
    all_issues = checks.run_checks(
  File "/srv/qma/venv/lib/python3.10/site-packages/django/core/checks/registry.py", line 89, in run_checks
    new_errors = check(app_configs=app_configs, databases=databases)
  File "/srv/qma/venv/lib/python3.10/site-packages/django/core/checks/urls.py", line 44, in check_url_namespaces_unique
    all_namespaces = _load_all_namespaces(resolver)
  File "/srv/qma/venv/lib/python3.10/site-packages/django/core/checks/urls.py", line 74, in _load_all_namespaces
    namespaces.extend(_load_all_namespaces(pattern, current))
  File "/srv/qma/venv/lib/python3.10/site-packages/django/core/checks/urls.py", line 63, in _load_all_namespaces
    url_patterns = getattr(resolver, "url_patterns", [])
  File "/srv/qma/venv/lib/python3.10/site-packages/django/utils/functional.py", line 47, in __get__
    res = instance.__dict__[self.name] = self.func(instance)
  File "/srv/qma/venv/lib/python3.10/site-packages/django/urls/resolvers.py", line 728, in url_patterns
    raise ImproperlyConfigured(msg.format(name=self.urlconf_name)) from e
django.core.exceptions.ImproperlyConfigured: The included URLconf '<module 'registrations.urls' from '/srv/qma/registrations/urls.py'>' does not appear to have any patterns in it. If you see the 'urlpatterns' variable with valid patterns in the file then the issue is probably caused by a circular import.
/srv/qma/registrations/urls.py changed, reloading.
Performing system checks...

Watching for file changes with StatReloader
Exception in thread django-main-thread:
Traceback (most recent call last):
  File "/usr/lib/python3.10/threading.py", line 1016, in _bootstrap_inner
    self.run()
  File "/usr/lib/python3.10/threading.py", line 953, in run
    self._target(*self._args, **self._kwargs)
  File "/srv/qma/venv/lib/python3.10/site-packages/django/utils/autoreload.py", line 64, in wrapper
    fn(*args, **kwargs)
  File "/srv/qma/venv/lib/python3.10/site-packages/django/core/management/commands/runserver.py", line 134, in inner_run
    self.check(**check_kwargs)
  File "/srv/qma/venv/lib/python3.10/site-packages/django/core/management/base.py", line 492, in check
    all_issues = checks.run_checks(
  File "/srv/qma/venv/lib/python3.10/site-packages/django/core/checks/registry.py", line 89, in run_checks
    new_errors = check(app_configs=app_configs, databases=databases)
  File "/srv/qma/venv/lib/python3.10/site-packages/django/core/checks/urls.py", line 136, in check_custom_error_handlers
    handler = resolver.resolve_error_handler(status_code)
  File "/srv/qma/venv/lib/python3.10/site-packages/django/urls/resolvers.py", line 732, in resolve_error_handler
    callback = getattr(self.urlconf_module, "handler%s" % view_type, None)
  File "/srv/qma/venv/lib/python3.10/site-packages/django/utils/functional.py", line 47, in __get__
    res = instance.__dict__[self.name] = self.func(instance)
  File "/srv/qma/venv/lib/python3.10/site-packages/django/urls/resolvers.py", line 711, in urlconf_module
    return import_module(self.urlconf_name)
  File "/usr/lib/python3.10/importlib/__init__.py", line 126, in import_module
    return _bootstrap._gcd_import(name[level:], package, level)
  File "<frozen importlib._bootstrap>", line 1050, in _gcd_import
  File "<frozen importlib._bootstrap>", line 1027, in _find_and_load
  File "<frozen importlib._bootstrap>", line 1006, in _find_and_load_unlocked
  File "<frozen importlib._bootstrap>", line 688, in _load_unlocked
  File "<frozen importlib._bootstrap_external>", line 883, in exec_module
  File "<frozen importlib._bootstrap>", line 241, in _call_with_frames_removed
  File "/srv/qma/server/urls.py", line 9, in <module>
    path("registrations/", include("registrations.urls")),  # <-- add this
  File "/srv/qma/venv/lib/python3.10/site-packages/django/urls/conf.py", line 39, in include
    urlconf_module = import_module(urlconf_module)
  File "/usr/lib/python3.10/importlib/__init__.py", line 126, in import_module
    return _bootstrap._gcd_import(name[level:], package, level)
  File "<frozen importlib._bootstrap>", line 1050, in _gcd_import
  File "<frozen importlib._bootstrap>", line 1027, in _find_and_load
  File "<frozen importlib._bootstrap>", line 1006, in _find_and_load_unlocked
  File "<frozen importlib._bootstrap>", line 688, in _load_unlocked
  File "<frozen importlib._bootstrap_external>", line 883, in exec_module
  File "<frozen importlib._bootstrap>", line 241, in _call_with_frames_removed
  File "/srv/qma/registrations/urls.py", line 6, in <module>
    path("", views.create_registration, name="registration-create"),  # handles POST /
AttributeError: module 'registrations.views' has no attribute 'create_registration'
/srv/qma/registrations/urls.py changed, reloading.
Performing system checks...

Watching for file changes with StatReloader
Exception in thread django-main-thread:
Traceback (most recent call last):
  File "/srv/qma/venv/lib/python3.10/site-packages/django/urls/resolvers.py", line 720, in url_patterns
    iter(patterns)
TypeError: 'module' object is not iterable

The above exception was the direct cause of the following exception:

Traceback (most recent call last):
  File "/usr/lib/python3.10/threading.py", line 1016, in _bootstrap_inner
    self.run()
  File "/usr/lib/python3.10/threading.py", line 953, in run
    self._target(*self._args, **self._kwargs)
  File "/srv/qma/venv/lib/python3.10/site-packages/django/utils/autoreload.py", line 64, in wrapper
    fn(*args, **kwargs)
  File "/srv/qma/venv/lib/python3.10/site-packages/django/core/management/commands/runserver.py", line 134, in inner_run
    self.check(**check_kwargs)
  File "/srv/qma/venv/lib/python3.10/site-packages/django/core/management/base.py", line 492, in check
    all_issues = checks.run_checks(
  File "/srv/qma/venv/lib/python3.10/site-packages/django/core/checks/registry.py", line 89, in run_checks
    new_errors = check(app_configs=app_configs, databases=databases)
  File "/srv/qma/venv/lib/python3.10/site-packages/django/core/checks/urls.py", line 44, in check_url_namespaces_unique
    all_namespaces = _load_all_namespaces(resolver)
  File "/srv/qma/venv/lib/python3.10/site-packages/django/core/checks/urls.py", line 74, in _load_all_namespaces
    namespaces.extend(_load_all_namespaces(pattern, current))
  File "/srv/qma/venv/lib/python3.10/site-packages/django/core/checks/urls.py", line 63, in _load_all_namespaces
    url_patterns = getattr(resolver, "url_patterns", [])
  File "/srv/qma/venv/lib/python3.10/site-packages/django/utils/functional.py", line 47, in __get__
    res = instance.__dict__[self.name] = self.func(instance)
  File "/srv/qma/venv/lib/python3.10/site-packages/django/urls/resolvers.py", line 728, in url_patterns
    raise ImproperlyConfigured(msg.format(name=self.urlconf_name)) from e
django.core.exceptions.ImproperlyConfigured: The included URLconf '<module 'registrations.urls' from '/srv/qma/registrations/urls.py'>' does not appear to have any patterns in it. If you see the 'urlpatterns' variable with valid patterns in the file then the issue is probably caused by a circular import.
/srv/qma/registrations/urls.py changed, reloading.
Performing system checks...

Watching for file changes with StatReloader
Error: That port is already in use.
